WAZIPER IS LIVE
Total sessions:  0
Total queue sessions:  0
Total sessions:  0
Total queue sessions:  0
Total sessions:  0
Total queue sessions:  0
Total sessions:  0
Total queue sessions:  0
Total sessions:  0
Total queue sessions:  0
Total sessions:  0
Total queue sessions:  0
Total sessions:  0
Total queue sessions:  0
Total sessions:  0
Total queue sessions:  0
Total sessions:  0
Total queue sessions:  0
Total sessions:  0
Total queue sessions:  0
Total sessions:  0
Total queue sessions:  0
Total sessions:  0
Total queue sessions:  0
Total sessions:  0
Total queue sessions:  0
Creating/getting session for instance: 687FE62C279C4 reset: false
Creating new WhatsApp socket for instance: 687FE62C279C4
Getting QR code for instance: 687FE62C279C4
Waiting for QR code generation...
Connection update: connecting QR: None
Connecting to WhatsApp...
Total sessions:  1
Total queue sessions:  0
Connection update: undefined QR: Generated
QR Code generated for instance: 687FE62C279C4
QR code generated successfully for instance: 687FE62C279C4
Creating/getting session for instance: 687FE62C279C4 reset: false
Total sessions:  1
Total queue sessions:  1
Total sessions:  1
Total queue sessions:  1
Total sessions:  1
Total queue sessions:  1
Total sessions:  1
Total queue sessions:  1
Total sessions:  1
Total queue sessions:  1
Total sessions:  1
Total queue sessions:  1
Total sessions:  1
Total queue sessions:  1
Total sessions:  1
Total queue sessions:  1
Total sessions:  1
Total queue sessions:  1
Total sessions:  1
Total queue sessions:  1
Total sessions:  1
Total queue sessions:  1
Total sessions:  1
Total queue sessions:  1
Total sessions:  1
Total queue sessions:  1
Total sessions:  1
Total queue sessions:  1
Total sessions:  1
Total queue sessions:  1
Total sessions:  1
Total queue sessions:  1
Total sessions:  1
Total queue sessions:  1
Total sessions:  1
Total queue sessions:  1
Creating/getting session for instance: 687FE62C279C4 reset: false
Creating new WhatsApp socket for instance: 687FE62C279C4
Getting QR code for instance: 687FE62C279C4
Waiting for QR code generation...
Connection update: connecting QR: None
Connecting to WhatsApp...
Total sessions:  1
Total queue sessions:  1
Connection update: undefined QR: Generated
QR Code generated for instance: 687FE62C279C4
QR code generated successfully for instance: 687FE62C279C4
Total sessions:  1
Total queue sessions:  1
Total sessions:  1
Total queue sessions:  1
Total sessions:  1
Total queue sessions:  1
Total sessions:  1
Total queue sessions:  1
Total sessions:  1
Total queue sessions:  1
Total sessions:  1
Total queue sessions:  1
Total sessions:  1
Total queue sessions:  1
Total sessions:  1
Total queue sessions:  1
Total sessions:  1
Total queue sessions:  1
Total sessions:  1
Total queue sessions:  1
Total sessions:  1
Total queue sessions:  1
Connection update: undefined QR: Generated
QR Code generated for instance: 687FE62C279C4
Total sessions:  1
Total queue sessions:  1
Total sessions:  1
Total queue sessions:  1
Total sessions:  1
Total queue sessions:  1
Total sessions:  1
Total queue sessions:  1
Total sessions:  1
Total queue sessions:  1
Total sessions:  1
Total queue sessions:  1
Total sessions:  1
Total queue sessions:  1
Total sessions:  1
Total queue sessions:  1
Total sessions:  1
Total queue sessions:  1
Total sessions:  1
Total queue sessions:  1
Connection update: undefined QR: Generated
QR Code generated for instance: 687FE62C279C4
Total sessions:  1
Total queue sessions:  1
Total sessions:  1
Total queue sessions:  1
Total sessions:  1
Total queue sessions:  1
Total sessions:  1
Total queue sessions:  1
Total sessions:  1
Total queue sessions:  1
Total sessions:  1
Total queue sessions:  1
Total sessions:  1
Total queue sessions:  1
Total sessions:  1
Total queue sessions:  1
Total sessions:  1
Total queue sessions:  1
Connection update: undefined QR: Generated
QR Code generated for instance: 687FE62C279C4
Total sessions:  1
Total queue sessions:  1
Connection update: undefined QR: Generated
QR Code generated for instance: 687FE62C279C4
Total sessions:  1
Total queue sessions:  1
Total sessions:  1
Total queue sessions:  1
Total sessions:  1
Total queue sessions:  1
Total sessions:  1
Total queue sessions:  1
Total sessions:  1
Total queue sessions:  1
Total sessions:  1
Total queue sessions:  1
Total sessions:  1
Total queue sessions:  1
Total sessions:  1
Total queue sessions:  1
Total sessions:  1
Total queue sessions:  1
Connection update: undefined QR: Generated
QR Code generated for instance: 687FE62C279C4
Total sessions:  1
Total queue sessions:  1
Connection update: undefined QR: Generated
QR Code generated for instance: 687FE62C279C4
Total sessions:  1
Total queue sessions:  1
Total sessions:  1
Total queue sessions:  1
Total sessions:  1
Total queue sessions:  1
Total sessions:  1
Total queue sessions:  1
Total sessions:  1
Total queue sessions:  1
Total sessions:  1
Total queue sessions:  1
Total sessions:  1
Total queue sessions:  1
Total sessions:  1
Total queue sessions:  1
Total sessions:  1
Total queue sessions:  1
Connection update: undefined QR: Generated
QR Code generated for instance: 687FE62C279C4
Total sessions:  1
Total queue sessions:  1
Connection update: undefined QR: Generated
QR Code generated for instance: 687FE62C279C4
Total sessions:  1
Total queue sessions:  1
Total sessions:  1
Total queue sessions:  1
Total sessions:  1
Total queue sessions:  1
Total sessions:  1
Total queue sessions:  1
Total sessions:  1
Total queue sessions:  1
Total sessions:  1
Total queue sessions:  1
Total sessions:  1
Total queue sessions:  1
Total sessions:  1
Total queue sessions:  1
Total sessions:  1
Total queue sessions:  1
Connection update: undefined QR: Generated
QR Code generated for instance: 687FE62C279C4
Total sessions:  1
Total queue sessions:  1
Connection update: close QR: None
Last disconnect error: Error: QR refs attempts ended
    at Timeout.genPairQR [as _onTimeout] (/Applications/MAMP/htdocs/waziper/api-blast/node_modules/@whiskeysockets/baileys/lib/Socket/socket.js:485:21)
    at listOnTimeout (node:internal/timers:608:17)
    at process.processTimers (node:internal/timers:543:7) {
  data: null,
  isBoom: true,
  isServer: false,
  output: {
    statusCode: 408,
    payload: {
      statusCode: 408,
      error: 'Request Time-out',
      message: 'QR refs attempts ended'
    },
    headers: {}
  }
}
State 1
Total sessions:  1
Total queue sessions:  1
readyState 1
Connection closed, reason: Error: QR refs attempts ended
    at Timeout.genPairQR [as _onTimeout] (/Applications/MAMP/htdocs/waziper/api-blast/node_modules/@whiskeysockets/baileys/lib/Socket/socket.js:485:21)
    at listOnTimeout (node:internal/timers:608:17)
    at process.processTimers (node:internal/timers:543:7) {
  data: null,
  isBoom: true,
  isServer: false,
  output: {
    statusCode: 408,
    payload: {
      statusCode: 408,
      error: 'Request Time-out',
      message: 'QR refs attempts ended'
    },
    headers: {}
  }
}
Connection closed, will retry
Connection update: connecting QR: None
Connecting to WhatsApp...
Connection update: undefined QR: Generated
QR Code generated for instance: 687FE62C279C4
Total sessions:  1
Total queue sessions:  1
Total sessions:  1
Total queue sessions:  1
Total sessions:  1
Total queue sessions:  1
Total sessions:  1
Total queue sessions:  1
Total sessions:  1
Total queue sessions:  1
Total sessions:  1
Total queue sessions:  1
Total sessions:  1
Total queue sessions:  1
Total sessions:  1
Total queue sessions:  1
Connection update: undefined QR: Generated
QR Code generated for instance: 687FE62C279C4
Total sessions:  1
Total queue sessions:  1
Total sessions:  1
Total queue sessions:  1
Total sessions:  1
Total queue sessions:  1
Total sessions:  1
Total queue sessions:  1
Total sessions:  1
Total queue sessions:  1
Total sessions:  1
Total queue sessions:  1
Total sessions:  1
Total queue sessions:  1
Total sessions:  1
Total queue sessions:  1
Total sessions:  1
Total queue sessions:  1
Total sessions:  1
Total queue sessions:  1
Connection update: close QR: None
Last disconnect error: Error: QR refs attempts ended
    at Timeout.genPairQR [as _onTimeout] (/Applications/MAMP/htdocs/waziper/api-blast/node_modules/@whiskeysockets/baileys/lib/Socket/socket.js:485:21)
    at listOnTimeout (node:internal/timers:608:17)
    at process.processTimers (node:internal/timers:543:7) {
  data: null,
  isBoom: true,
  isServer: false,
  output: {
    statusCode: 408,
    payload: {
      statusCode: 408,
      error: 'Request Time-out',
      message: 'QR refs attempts ended'
    },
    headers: {}
  }
}
State 1
readyState 1
Connection closed, reason: Error: QR refs attempts ended
    at Timeout.genPairQR [as _onTimeout] (/Applications/MAMP/htdocs/waziper/api-blast/node_modules/@whiskeysockets/baileys/lib/Socket/socket.js:485:21)
    at listOnTimeout (node:internal/timers:608:17)
    at process.processTimers (node:internal/timers:543:7) {
  data: null,
  isBoom: true,
  isServer: false,
  output: {
    statusCode: 408,
    payload: {
      statusCode: 408,
      error: 'Request Time-out',
      message: 'QR refs attempts ended'
    },
    headers: {}
  }
}
Connection closed, will retry
Connection update: connecting QR: None
Connecting to WhatsApp...
Connection update: undefined QR: Generated
QR Code generated for instance: 687FE62C279C4
Total sessions:  1
Total queue sessions:  1
Total sessions:  1
Total queue sessions:  1
Total sessions:  1
Total queue sessions:  1
Total sessions:  1
Total queue sessions:  1
Total sessions:  1
Total queue sessions:  1
Total sessions:  1
Total queue sessions:  1
Total sessions:  1
Total queue sessions:  1
Total sessions:  1
Total queue sessions:  1
Total sessions:  1
Total queue sessions:  1
Total sessions:  1
Total queue sessions:  1
Total sessions:  1
Total queue sessions:  1
Total sessions:  1
Total queue sessions:  1
Connection update: undefined QR: Generated
QR Code generated for instance: 687FE62C279C4
Total sessions:  1
Total queue sessions:  1
Total sessions:  1
Total queue sessions:  1
Total sessions:  1
Total queue sessions:  1
Total sessions:  1
Total queue sessions:  1
Total sessions:  1
Total queue sessions:  1
Total sessions:  1
Total queue sessions:  1
Total sessions:  1
Total queue sessions:  1
Total sessions:  1
Total queue sessions:  1
Total sessions:  1
Total queue sessions:  1
Total sessions:  1
Total queue sessions:  1
Connection update: undefined QR: Generated
QR Code generated for instance: 687FE62C279C4
Total sessions:  1
Total queue sessions:  1
Total sessions:  1
Total queue sessions:  1
Total sessions:  1
Total queue sessions:  1
Total sessions:  1
Total queue sessions:  1
Total sessions:  1
Total queue sessions:  1
Total sessions:  1
Total queue sessions:  1
Total sessions:  1
Total queue sessions:  1
Total sessions:  1
Total queue sessions:  1
Connection update: undefined QR: Generated
QR Code generated for instance: 687FE62C279C4
Total sessions:  1
Total queue sessions:  1
Total sessions:  1
Total queue sessions:  1
Connection update: undefined QR: Generated
QR Code generated for instance: 687FE62C279C4
Total sessions:  1
Total queue sessions:  1
Total sessions:  1
Total queue sessions:  1
Total sessions:  1
Total queue sessions:  1
Total sessions:  1
Total queue sessions:  1
Total sessions:  1
Total queue sessions:  1
Total sessions:  1
Total queue sessions:  1
Total sessions:  1
Total queue sessions:  1
Total sessions:  1
Total queue sessions:  1
Connection update: undefined QR: Generated
QR Code generated for instance: 687FE62C279C4
Total sessions:  1
Total queue sessions:  1
Total sessions:  1
Total queue sessions:  1
Connection update: undefined QR: Generated
QR Code generated for instance: 687FE62C279C4
Total sessions:  1
Total queue sessions:  1
Total sessions:  1
Total queue sessions:  1
Total sessions:  1
Total queue sessions:  1
Total sessions:  1
Total queue sessions:  1
Total sessions:  1
Total queue sessions:  1
Total sessions:  1
Total queue sessions:  1
Total sessions:  1
Total queue sessions:  1
Total sessions:  1
Total queue sessions:  1
Connection update: undefined QR: Generated
QR Code generated for instance: 687FE62C279C4
Total sessions:  1
Total queue sessions:  1
Total sessions:  1
Total queue sessions:  0
Connection update: close QR: None
Connection closed, reason: undefined
Connection update: undefined QR: Generated
QR Code generated for instance: 687FE62C279C4
Total sessions:  0
Total queue sessions:  1
Total sessions:  0
Total queue sessions:  1
Total sessions:  0
Total queue sessions:  1
Total sessions:  0
Total queue sessions:  1
Total sessions:  0
Total queue sessions:  1
Total sessions:  0
Total queue sessions:  1
Total sessions:  0
Total queue sessions:  1
Total sessions:  0
Total queue sessions:  1
Total sessions:  0
Total queue sessions:  1
Total sessions:  0
Total queue sessions:  1
Connection update: close QR: None
Last disconnect error: Error: QR refs attempts ended
    at Timeout.genPairQR [as _onTimeout] (/Applications/MAMP/htdocs/waziper/api-blast/node_modules/@whiskeysockets/baileys/lib/Socket/socket.js:485:21)
    at listOnTimeout (node:internal/timers:608:17)
    at process.processTimers (node:internal/timers:543:7) {
  data: null,
  isBoom: true,
  isServer: false,
  output: {
    statusCode: 408,
    payload: {
      statusCode: 408,
      error: 'Request Time-out',
      message: 'QR refs attempts ended'
    },
    headers: {}
  }
}
State 1
Connection closed, reason: Error: QR refs attempts ended
    at Timeout.genPairQR [as _onTimeout] (/Applications/MAMP/htdocs/waziper/api-blast/node_modules/@whiskeysockets/baileys/lib/Socket/socket.js:485:21)
    at listOnTimeout (node:internal/timers:608:17)
    at process.processTimers (node:internal/timers:543:7) {
  data: null,
  isBoom: true,
  isServer: false,
  output: {
    statusCode: 408,
    payload: {
      statusCode: 408,
      error: 'Request Time-out',
      message: 'QR refs attempts ended'
    },
    headers: {}
  }
}
Connection closed, will retry
Connection update: connecting QR: None
Connecting to WhatsApp...
Total sessions:  0
Total queue sessions:  1
Connection update: undefined QR: Generated
QR Code generated for instance: 687FE62C279C4
Total sessions:  0
Total queue sessions:  1
Total sessions:  0
Total queue sessions:  1
Connection update: connecting QR: None
Connecting to WhatsApp...
Connection update: undefined QR: Generated
QR Code generated for instance: 687FE62C279C4
Total sessions:  1
Total queue sessions:  1
Total sessions:  1
Total queue sessions:  1
Total sessions:  1
Total queue sessions:  1
Total sessions:  1
Total queue sessions:  1
Total sessions:  1
Total queue sessions:  1
Total sessions:  1
Total queue sessions:  1
Total sessions:  1
Total queue sessions:  1
Total sessions:  1
Total queue sessions:  1
Total sessions:  1
Total queue sessions:  1
Total sessions:  1
Total queue sessions:  1
Total sessions:  1
Total queue sessions:  1
Total sessions:  1
Total queue sessions:  1
Total sessions:  1
Total queue sessions:  1
Total sessions:  1
Total queue sessions:  1
Total sessions:  1
Total queue sessions:  1
Total sessions:  1
Total queue sessions:  1
Total sessions:  1
Total queue sessions:  1
Total sessions:  1
Total queue sessions:  1
Total sessions:  1
Total queue sessions:  1
Total sessions:  1
Total queue sessions:  1
Total sessions:  1
Total queue sessions:  1
Total sessions:  1
Total queue sessions:  1
Total sessions:  1
Total queue sessions:  1
Total sessions:  1
Total queue sessions:  1
Total sessions:  1
Total queue sessions:  1
Total sessions:  1
Total queue sessions:  1
Total sessions:  1
Total queue sessions:  1
Total sessions:  1
Total queue sessions:  1
Connection update: undefined QR: Generated
QR Code generated for instance: 687FE62C279C4
Total sessions:  1
Total queue sessions:  1
Total sessions:  1
Total queue sessions:  1
Connection update: undefined QR: Generated
QR Code generated for instance: 687FE62C279C4
Total sessions:  1
Total queue sessions:  1
Total sessions:  1
Total queue sessions:  1
Total sessions:  1
Total queue sessions:  1
Total sessions:  1
Total queue sessions:  1
Total sessions:  1
Total queue sessions:  1
Total sessions:  1
Total queue sessions:  1
Total sessions:  1
Total queue sessions:  1
Total sessions:  1
Total queue sessions:  1
Connection update: undefined QR: Generated
QR Code generated for instance: 687FE62C279C4
Total sessions:  1
Total queue sessions:  1
Total sessions:  1
Total queue sessions:  1
Connection update: undefined QR: Generated
QR Code generated for instance: 687FE62C279C4
Total sessions:  1
Total queue sessions:  1
Total sessions:  1
Total queue sessions:  1
Total sessions:  1
Total queue sessions:  1
Total sessions:  1
Total queue sessions:  1
Total sessions:  1
Total queue sessions:  1
Total sessions:  1
Total queue sessions:  1
Total sessions:  1
Total queue sessions:  1
Total sessions:  1
Total queue sessions:  1
Connection update: undefined QR: Generated
QR Code generated for instance: 687FE62C279C4
Total sessions:  1
Total queue sessions:  1
Total sessions:  1
Total queue sessions:  1
Connection update: undefined QR: Generated
QR Code generated for instance: 687FE62C279C4
Total sessions:  1
Total queue sessions:  1
Total sessions:  1
Total queue sessions:  1
Total sessions:  1
Total queue sessions:  1
Creating/getting session for instance: 687FE88022857 reset: false
Creating new WhatsApp socket for instance: 687FE88022857
Getting QR code for instance: 687FE88022857
Waiting for QR code generation...
Connection update: connecting QR: None
Connecting to WhatsApp...
Total sessions:  2
Total queue sessions:  1
Connection update: undefined QR: Generated
QR Code generated for instance: 687FE88022857
QR code generated successfully for instance: 687FE88022857
Total sessions:  2
Total queue sessions:  2
Total sessions:  2
Total queue sessions:  2
Total sessions:  2
Total queue sessions:  2
Total sessions:  2
Total queue sessions:  2
Connection update: undefined QR: Generated
QR Code generated for instance: 687FE62C279C4
Total sessions:  2
Total queue sessions:  2
Total sessions:  2
Total queue sessions:  2
Connection update: undefined QR: Generated
QR Code generated for instance: 687FE62C279C4
Total sessions:  2
Total queue sessions:  2
Total sessions:  2
Total queue sessions:  2
Total sessions:  2
Total queue sessions:  2
Total sessions:  2
Total queue sessions:  2
Total sessions:  2
Total queue sessions:  2
Total sessions:  2
Total queue sessions:  2
Total sessions:  2
Total queue sessions:  2
Total sessions:  2
Total queue sessions:  2
Connection update: undefined QR: Generated
QR Code generated for instance: 687FE62C279C4
Total sessions:  2
Total queue sessions:  2
Total sessions:  2
Total queue sessions:  2
Connection update: undefined QR: Generated
QR Code generated for instance: 687FE62C279C4
Total sessions:  2
Total queue sessions:  2
Total sessions:  2
Total queue sessions:  2
Total sessions:  2
Total queue sessions:  2
Total sessions:  2
Total queue sessions:  2
Total sessions:  2
Total queue sessions:  2
Total sessions:  2
Total queue sessions:  2
Total sessions:  2
Total queue sessions:  2
Total sessions:  2
Total queue sessions:  2
Connection update: close QR: None
Last disconnect error: Error: QR refs attempts ended
    at Timeout.genPairQR [as _onTimeout] (/Applications/MAMP/htdocs/waziper/api-blast/node_modules/@whiskeysockets/baileys/lib/Socket/socket.js:485:21)
    at listOnTimeout (node:internal/timers:608:17)
    at process.processTimers (node:internal/timers:543:7) {
  data: null,
  isBoom: true,
  isServer: false,
  output: {
    statusCode: 408,
    payload: {
      statusCode: 408,
      error: 'Request Time-out',
      message: 'QR refs attempts ended'
    },
    headers: {}
  }
}
State 1
readyState 1
Connection closed, reason: Error: QR refs attempts ended
    at Timeout.genPairQR [as _onTimeout] (/Applications/MAMP/htdocs/waziper/api-blast/node_modules/@whiskeysockets/baileys/lib/Socket/socket.js:485:21)
    at listOnTimeout (node:internal/timers:608:17)
    at process.processTimers (node:internal/timers:543:7) {
  data: null,
  isBoom: true,
  isServer: false,
  output: {
    statusCode: 408,
    payload: {
      statusCode: 408,
      error: 'Request Time-out',
      message: 'QR refs attempts ended'
    },
    headers: {}
  }
}
Connection closed, will retry
Connection update: connecting QR: None
Connecting to WhatsApp...
Connection update: close QR: None
Last disconnect error: Error: WebSocket Error ()
    at WebSocketClient.<anonymous> (/Applications/MAMP/htdocs/waziper/api-blast/node_modules/@whiskeysockets/baileys/lib/Socket/socket.js:622:17)
    at WebSocketClient.emit (node:events:507:28)
    at WebSocket.<anonymous> (/Applications/MAMP/htdocs/waziper/api-blast/node_modules/@whiskeysockets/baileys/lib/Socket/Client/websocket.js:46:100)
    at WebSocket.emit (node:events:507:28)
    at emitErrorAndClose (/Applications/MAMP/htdocs/waziper/api-blast/node_modules/ws/lib/websocket.js:1041:13)
    at ClientRequest.<anonymous> (/Applications/MAMP/htdocs/waziper/api-blast/node_modules/ws/lib/websocket.js:881:5)
    at ClientRequest.emit (node:events:507:28)
    at emitErrorEvent (node:_http_client:104:11)
    at TLSSocket.socketErrorListener (node:_http_client:518:5)
    at TLSSocket.emit (node:events:507:28) {
  data: AggregateError [ETIMEDOUT]: 
      at internalConnectMultiple (node:net:1134:18)
      at internalConnectMultiple (node:net:1210:5)
      at Timeout.internalConnectMultipleTimeout (node:net:1742:5)
      at listOnTimeout (node:internal/timers:610:11)
      at process.processTimers (node:internal/timers:543:7) {
    code: 'ETIMEDOUT',
    [errors]: [ [Error], [Error] ]
  },
  isBoom: true,
  isServer: false,
  output: {
    statusCode: 408,
    payload: {
      statusCode: 408,
      error: 'Request Time-out',
      message: 'WebSocket Error ()'
    },
    headers: {}
  }
}
State 1
readyState 1
Connection closed, reason: Error: WebSocket Error ()
    at WebSocketClient.<anonymous> (/Applications/MAMP/htdocs/waziper/api-blast/node_modules/@whiskeysockets/baileys/lib/Socket/socket.js:622:17)
    at WebSocketClient.emit (node:events:507:28)
    at WebSocket.<anonymous> (/Applications/MAMP/htdocs/waziper/api-blast/node_modules/@whiskeysockets/baileys/lib/Socket/Client/websocket.js:46:100)
    at WebSocket.emit (node:events:507:28)
    at emitErrorAndClose (/Applications/MAMP/htdocs/waziper/api-blast/node_modules/ws/lib/websocket.js:1041:13)
    at ClientRequest.<anonymous> (/Applications/MAMP/htdocs/waziper/api-blast/node_modules/ws/lib/websocket.js:881:5)
    at ClientRequest.emit (node:events:507:28)
    at emitErrorEvent (node:_http_client:104:11)
    at TLSSocket.socketErrorListener (node:_http_client:518:5)
    at TLSSocket.emit (node:events:507:28) {
  data: AggregateError [ETIMEDOUT]: 
      at internalConnectMultiple (node:net:1134:18)
      at internalConnectMultiple (node:net:1210:5)
      at Timeout.internalConnectMultipleTimeout (node:net:1742:5)
      at listOnTimeout (node:internal/timers:610:11)
      at process.processTimers (node:internal/timers:543:7) {
    code: 'ETIMEDOUT',
    [errors]: [ [Error], [Error] ]
  },
  isBoom: true,
  isServer: false,
  output: {
    statusCode: 408,
    payload: {
      statusCode: 408,
      error: 'Request Time-out',
      message: 'WebSocket Error ()'
    },
    headers: {}
  }
}
Connection closed, will retry
Connection update: connecting QR: None
Connecting to WhatsApp...
Total sessions:  2
Total queue sessions:  2
Total sessions:  2
Total queue sessions:  2
Connection update: undefined QR: Generated
QR Code generated for instance: 687FE62C279C4
Connection update: close QR: None
Last disconnect error: Error: QR refs attempts ended
    at Timeout.genPairQR [as _onTimeout] (/Applications/MAMP/htdocs/waziper/api-blast/node_modules/@whiskeysockets/baileys/lib/Socket/socket.js:485:21)
    at listOnTimeout (node:internal/timers:608:17)
    at process.processTimers (node:internal/timers:543:7) {
  data: null,
  isBoom: true,
  isServer: false,
  output: {
    statusCode: 408,
    payload: {
      statusCode: 408,
      error: 'Request Time-out',
      message: 'QR refs attempts ended'
    },
    headers: {}
  }
}
State 1
readyState 1
Connection closed, reason: Error: QR refs attempts ended
    at Timeout.genPairQR [as _onTimeout] (/Applications/MAMP/htdocs/waziper/api-blast/node_modules/@whiskeysockets/baileys/lib/Socket/socket.js:485:21)
    at listOnTimeout (node:internal/timers:608:17)
    at process.processTimers (node:internal/timers:543:7) {
  data: null,
  isBoom: true,
  isServer: false,
  output: {
    statusCode: 408,
    payload: {
      statusCode: 408,
      error: 'Request Time-out',
      message: 'QR refs attempts ended'
    },
    headers: {}
  }
}
Connection closed, will retry
Connection update: connecting QR: None
Connecting to WhatsApp...
Connection update: close QR: None
Last disconnect error: Error: WebSocket Error ()
    at WebSocketClient.<anonymous> (/Applications/MAMP/htdocs/waziper/api-blast/node_modules/@whiskeysockets/baileys/lib/Socket/socket.js:622:17)
    at WebSocketClient.emit (node:events:507:28)
    at WebSocket.<anonymous> (/Applications/MAMP/htdocs/waziper/api-blast/node_modules/@whiskeysockets/baileys/lib/Socket/Client/websocket.js:46:100)
    at WebSocket.emit (node:events:507:28)
    at emitErrorAndClose (/Applications/MAMP/htdocs/waziper/api-blast/node_modules/ws/lib/websocket.js:1041:13)
    at ClientRequest.<anonymous> (/Applications/MAMP/htdocs/waziper/api-blast/node_modules/ws/lib/websocket.js:881:5)
    at ClientRequest.emit (node:events:507:28)
    at emitErrorEvent (node:_http_client:104:11)
    at TLSSocket.socketErrorListener (node:_http_client:518:5)
    at TLSSocket.emit (node:events:507:28) {
  data: AggregateError [ETIMEDOUT]: 
      at internalConnectMultiple (node:net:1134:18)
      at internalConnectMultiple (node:net:1210:5)
      at Timeout.internalConnectMultipleTimeout (node:net:1742:5)
      at listOnTimeout (node:internal/timers:610:11)
      at process.processTimers (node:internal/timers:543:7) {
    code: 'ETIMEDOUT',
    [errors]: [ [Error], [Error] ]
  },
  isBoom: true,
  isServer: false,
  output: {
    statusCode: 408,
    payload: {
      statusCode: 408,
      error: 'Request Time-out',
      message: 'WebSocket Error ()'
    },
    headers: {}
  }
}
State 1
readyState 1
Connection closed, reason: Error: WebSocket Error ()
    at WebSocketClient.<anonymous> (/Applications/MAMP/htdocs/waziper/api-blast/node_modules/@whiskeysockets/baileys/lib/Socket/socket.js:622:17)
    at WebSocketClient.emit (node:events:507:28)
    at WebSocket.<anonymous> (/Applications/MAMP/htdocs/waziper/api-blast/node_modules/@whiskeysockets/baileys/lib/Socket/Client/websocket.js:46:100)
    at WebSocket.emit (node:events:507:28)
    at emitErrorAndClose (/Applications/MAMP/htdocs/waziper/api-blast/node_modules/ws/lib/websocket.js:1041:13)
    at ClientRequest.<anonymous> (/Applications/MAMP/htdocs/waziper/api-blast/node_modules/ws/lib/websocket.js:881:5)
    at ClientRequest.emit (node:events:507:28)
    at emitErrorEvent (node:_http_client:104:11)
    at TLSSocket.socketErrorListener (node:_http_client:518:5)
    at TLSSocket.emit (node:events:507:28) {
  data: AggregateError [ETIMEDOUT]: 
      at internalConnectMultiple (node:net:1134:18)
      at internalConnectMultiple (node:net:1210:5)
      at Timeout.internalConnectMultipleTimeout (node:net:1742:5)
      at listOnTimeout (node:internal/timers:610:11)
      at process.processTimers (node:internal/timers:543:7) {
    code: 'ETIMEDOUT',
    [errors]: [ [Error], [Error] ]
  },
  isBoom: true,
  isServer: false,
  output: {
    statusCode: 408,
    payload: {
      statusCode: 408,
      error: 'Request Time-out',
      message: 'WebSocket Error ()'
    },
    headers: {}
  }
}
Connection closed, will retry
Connection update: connecting QR: None
Connecting to WhatsApp...
Total sessions:  2
Total queue sessions:  2
Total sessions:  2
Total queue sessions:  2
Connection update: undefined QR: Generated
QR Code generated for instance: 687FE62C279C4
Total sessions:  2
Total queue sessions:  2
Total sessions:  2
Total queue sessions:  2
Connection update: undefined QR: Generated
QR Code generated for instance: 687FE88022857
Total sessions:  2
Total queue sessions:  2
Total sessions:  2
Total queue sessions:  2
Total sessions:  2
Total queue sessions:  2
Total sessions:  2
Total queue sessions:  2
Total sessions:  2
Total queue sessions:  2
Total sessions:  2
Total queue sessions:  2
Total sessions:  2
Total queue sessions:  2
Total sessions:  2
Total queue sessions:  2
Total sessions:  2
Total queue sessions:  2
Total sessions:  2
Total queue sessions:  2
Connection update: undefined QR: Generated
QR Code generated for instance: 687FE88022857
Total sessions:  2
Total queue sessions:  2
Total sessions:  2
Total queue sessions:  2
Total sessions:  2
Total queue sessions:  2
Total sessions:  2
Total queue sessions:  2
Total sessions:  2
Total queue sessions:  2
Total sessions:  2
Total queue sessions:  2
Total sessions:  2
Total queue sessions:  2
Total sessions:  2
Total queue sessions:  2
Total sessions:  2
Total queue sessions:  2
Total sessions:  2
Total queue sessions:  2
Connection update: undefined QR: Generated
QR Code generated for instance: 687FE88022857
Total sessions:  2
Total queue sessions:  2
Total sessions:  2
Total queue sessions:  2
Total sessions:  2
Total queue sessions:  2
Total sessions:  2
Total queue sessions:  2
Total sessions:  2
Total queue sessions:  2
Total sessions:  2
Total queue sessions:  2
Connection update: undefined QR: Generated
QR Code generated for instance: 687FE62C279C4
Total sessions:  2
Total queue sessions:  2
Connection update: undefined QR: Generated
QR Code generated for instance: 687FE62C279C4
Total sessions:  2
Total queue sessions:  2
Total sessions:  2
Total queue sessions:  2
Connection update: undefined QR: Generated
QR Code generated for instance: 687FE88022857
Total sessions:  2
Total queue sessions:  2
Total sessions:  2
Total queue sessions:  2
Total sessions:  2
Total queue sessions:  2
Total sessions:  2
Total queue sessions:  2
Total sessions:  2
Total queue sessions:  2
Total sessions:  2
Total queue sessions:  2
Connection update: undefined QR: Generated
QR Code generated for instance: 687FE62C279C4
Total sessions:  2
Total queue sessions:  2
Total sessions:  2
Total queue sessions:  2
Connection update: undefined QR: Generated
QR Code generated for instance: 687FE62C279C4
Total sessions:  2
Total queue sessions:  2
Total sessions:  2
Total queue sessions:  2
Connection update: undefined QR: Generated
QR Code generated for instance: 687FE88022857
Total sessions:  2
Total queue sessions:  2
Total sessions:  2
Total queue sessions:  2
Total sessions:  2
Total queue sessions:  2
Total sessions:  2
Total queue sessions:  2
Total sessions:  2
Total queue sessions:  2
Total sessions:  2
Total queue sessions:  2
Connection update: undefined QR: Generated
QR Code generated for instance: 687FE62C279C4
Total sessions:  2
Total queue sessions:  2
Total sessions:  2
Total queue sessions:  2
Connection update: undefined QR: Generated
QR Code generated for instance: 687FE62C279C4
Total sessions:  2
Total queue sessions:  2
Total sessions:  2
Total queue sessions:  2
Connection update: close QR: None
Last disconnect error: Error: QR refs attempts ended
    at Timeout.genPairQR [as _onTimeout] (/Applications/MAMP/htdocs/waziper/api-blast/node_modules/@whiskeysockets/baileys/lib/Socket/socket.js:485:21)
    at listOnTimeout (node:internal/timers:608:17)
    at process.processTimers (node:internal/timers:543:7) {
  data: null,
  isBoom: true,
  isServer: false,
  output: {
    statusCode: 408,
    payload: {
      statusCode: 408,
      error: 'Request Time-out',
      message: 'QR refs attempts ended'
    },
    headers: {}
  }
}
State 1
readyState 1
Connection closed, reason: Error: QR refs attempts ended
    at Timeout.genPairQR [as _onTimeout] (/Applications/MAMP/htdocs/waziper/api-blast/node_modules/@whiskeysockets/baileys/lib/Socket/socket.js:485:21)
    at listOnTimeout (node:internal/timers:608:17)
    at process.processTimers (node:internal/timers:543:7) {
  data: null,
  isBoom: true,
  isServer: false,
  output: {
    statusCode: 408,
    payload: {
      statusCode: 408,
      error: 'Request Time-out',
      message: 'QR refs attempts ended'
    },
    headers: {}
  }
}
Connection closed, will retry
Connection update: connecting QR: None
Connecting to WhatsApp...
Total sessions:  2
Total queue sessions:  2
Connection update: undefined QR: Generated
QR Code generated for instance: 687FE88022857
Total sessions:  2
Total queue sessions:  2
Total sessions:  2
Total queue sessions:  2
Total sessions:  2
Total queue sessions:  1
Connection update: close QR: None
Connection closed, reason: undefined
Total sessions:  1
Total queue sessions:  1
Total sessions:  1
Total queue sessions:  1
Connection update: undefined QR: Generated
QR Code generated for instance: 687FE62C279C4
Total sessions:  1
Total queue sessions:  2
Total sessions:  1
Total queue sessions:  2
Total sessions:  1
Total queue sessions:  2
Total sessions:  1
Total queue sessions:  2
Total sessions:  1
Total queue sessions:  2
Total sessions:  1
Total queue sessions:  2
Total sessions:  1
Total queue sessions:  2
Total sessions:  1
Total queue sessions:  2
Total sessions:  1
Total queue sessions:  2
Total sessions:  1
Total queue sessions:  2
Connection update: undefined QR: Generated
QR Code generated for instance: 687FE62C279C4
Total sessions:  1
Total queue sessions:  2
Total sessions:  1
Total queue sessions:  2
Total sessions:  1
Total queue sessions:  2
Total sessions:  1
Total queue sessions:  2
Total sessions:  1
Total queue sessions:  2
Total sessions:  1
Total queue sessions:  2
Total sessions:  1
Total queue sessions:  2
Total sessions:  1
Total queue sessions:  2
Total sessions:  1
Total queue sessions:  2
Total sessions:  1
Total queue sessions:  2
Connection update: close QR: None
Last disconnect error: Error: QR refs attempts ended
    at Timeout.genPairQR [as _onTimeout] (/Applications/MAMP/htdocs/waziper/api-blast/node_modules/@whiskeysockets/baileys/lib/Socket/socket.js:485:21)
    at listOnTimeout (node:internal/timers:608:17)
    at process.processTimers (node:internal/timers:543:7) {
  data: null,
  isBoom: true,
  isServer: false,
  output: {
    statusCode: 408,
    payload: {
      statusCode: 408,
      error: 'Request Time-out',
      message: 'QR refs attempts ended'
    },
    headers: {}
  }
}
State 1
Connection closed, reason: Error: QR refs attempts ended
    at Timeout.genPairQR [as _onTimeout] (/Applications/MAMP/htdocs/waziper/api-blast/node_modules/@whiskeysockets/baileys/lib/Socket/socket.js:485:21)
    at listOnTimeout (node:internal/timers:608:17)
    at process.processTimers (node:internal/timers:543:7) {
  data: null,
  isBoom: true,
  isServer: false,
  output: {
    statusCode: 408,
    payload: {
      statusCode: 408,
      error: 'Request Time-out',
      message: 'QR refs attempts ended'
    },
    headers: {}
  }
}
Connection closed, will retry
Connection update: connecting QR: None
Connecting to WhatsApp...
Total sessions:  1
Total queue sessions:  2
Connection update: undefined QR: Generated
QR Code generated for instance: 687FE62C279C4
Total sessions:  1
Total queue sessions:  2
Total sessions:  1
Total queue sessions:  2
Connection update: connecting QR: None
Connecting to WhatsApp...
Connection update: undefined QR: Generated
QR Code generated for instance: 687FE62C279C4
Total sessions:  2
Total queue sessions:  2
Total sessions:  2
Total queue sessions:  2
Connection update: undefined QR: Generated
QR Code generated for instance: 687FE88022857
Total sessions:  2
Total queue sessions:  2
Total sessions:  2
Total queue sessions:  2
Total sessions:  2
Total queue sessions:  2
Total sessions:  2
Total queue sessions:  2
Total sessions:  2
Total queue sessions:  2
Total sessions:  2
Total queue sessions:  2
Total sessions:  2
Total queue sessions:  2
Total sessions:  2
Total queue sessions:  2
Total sessions:  2
Total queue sessions:  2
Total sessions:  2
Total queue sessions:  2
Connection update: undefined QR: Generated
QR Code generated for instance: 687FE88022857
Total sessions:  2
Total queue sessions:  2
Total sessions:  2
Total queue sessions:  2
Total sessions:  2
Total queue sessions:  2
Total sessions:  2
Total queue sessions:  2
Total sessions:  2
Total queue sessions:  2
Total sessions:  2
Total queue sessions:  2
Total sessions:  2
Total queue sessions:  2
Total sessions:  2
Total queue sessions:  2
Total sessions:  2
Total queue sessions:  2
Total sessions:  2
Total queue sessions:  2
Connection update: undefined QR: Generated
QR Code generated for instance: 687FE88022857
Total sessions:  2
Total queue sessions:  2
Total sessions:  2
Total queue sessions:  2
Total sessions:  2
Total queue sessions:  2
Total sessions:  2
Total queue sessions:  2
Total sessions:  2
Total queue sessions:  2
Connection update: undefined QR: Generated
QR Code generated for instance: 687FE62C279C4
Total sessions:  2
Total queue sessions:  2
Total sessions:  2
Total queue sessions:  2
Total sessions:  2
Total queue sessions:  2
Connection update: undefined QR: Generated
QR Code generated for instance: 687FE62C279C4
Total sessions:  2
Total queue sessions:  2
Total sessions:  2
Total queue sessions:  2
Connection update: undefined QR: Generated
QR Code generated for instance: 687FE88022857
Total sessions:  2
Total queue sessions:  2
Total sessions:  2
Total queue sessions:  2
Total sessions:  2
Total queue sessions:  2
Total sessions:  2
Total queue sessions:  2
Total sessions:  2
Total queue sessions:  2
Connection update: undefined QR: Generated
QR Code generated for instance: 687FE62C279C4
Total sessions:  2
Total queue sessions:  2
Total sessions:  2
Total queue sessions:  2
Total sessions:  2
Total queue sessions:  2
Connection update: undefined QR: Generated
QR Code generated for instance: 687FE62C279C4
Total sessions:  2
Total queue sessions:  2
Total sessions:  2
Total queue sessions:  1
Connection update: close QR: None
Connection closed, reason: undefined
Total sessions:  1
Total queue sessions:  1
Total sessions:  1
Total queue sessions:  1
Total sessions:  1
Total queue sessions:  1
Total sessions:  1
Total queue sessions:  1
Total sessions:  1
Total queue sessions:  1
Connection update: undefined QR: Generated
QR Code generated for instance: 687FE62C279C4
Total sessions:  1
Total queue sessions:  1
Total sessions:  1
Total queue sessions:  1
Total sessions:  1
Total queue sessions:  1
Connection update: undefined QR: Generated
QR Code generated for instance: 687FE62C279C4
Total sessions:  1
Total queue sessions:  1
Total sessions:  1
Total queue sessions:  1
Total sessions:  1
Total queue sessions:  1
Total sessions:  1
Total queue sessions:  1
Total sessions:  1
Total queue sessions:  1
Total sessions:  1
Total queue sessions:  1
Total sessions:  1
Total queue sessions:  1
Connection update: undefined QR: Generated
QR Code generated for instance: 687FE62C279C4
Total sessions:  1
Total queue sessions:  1
Total sessions:  1
Total queue sessions:  1
Total sessions:  1
Total queue sessions:  1
Connection update: undefined QR: Generated
QR Code generated for instance: 687FE62C279C4
Total sessions:  1
Total queue sessions:  1
Total sessions:  1
Total queue sessions:  1
Total sessions:  1
Total queue sessions:  1
Total sessions:  1
Total queue sessions:  1
Total sessions:  1
Total queue sessions:  1
Total sessions:  1
Total queue sessions:  1
Total sessions:  1
Total queue sessions:  1
Connection update: undefined QR: Generated
QR Code generated for instance: 687FE62C279C4
Total sessions:  1
Total queue sessions:  1
Total sessions:  1
Total queue sessions:  1
Total sessions:  1
Total queue sessions:  1
Connection update: undefined QR: Generated
QR Code generated for instance: 687FE62C279C4
Total sessions:  1
Total queue sessions:  1
Total sessions:  1
Total queue sessions:  1
Total sessions:  1
Total queue sessions:  1
Total sessions:  1
Total queue sessions:  1
Total sessions:  1
Total queue sessions:  1
Total sessions:  1
Total queue sessions:  1
Total sessions:  1
Total queue sessions:  1
Connection update: close QR: None
Last disconnect error: Error: QR refs attempts ended
    at Timeout.genPairQR [as _onTimeout] (/Applications/MAMP/htdocs/waziper/api-blast/node_modules/@whiskeysockets/baileys/lib/Socket/socket.js:485:21)
    at listOnTimeout (node:internal/timers:608:17)
    at process.processTimers (node:internal/timers:543:7) {
  data: null,
  isBoom: true,
  isServer: false,
  output: {
    statusCode: 408,
    payload: {
      statusCode: 408,
      error: 'Request Time-out',
      message: 'QR refs attempts ended'
    },
    headers: {}
  }
}
State 1
Total sessions:  1
Total queue sessions:  1
readyState 1
Connection closed, reason: Error: QR refs attempts ended
    at Timeout.genPairQR [as _onTimeout] (/Applications/MAMP/htdocs/waziper/api-blast/node_modules/@whiskeysockets/baileys/lib/Socket/socket.js:485:21)
    at listOnTimeout (node:internal/timers:608:17)
    at process.processTimers (node:internal/timers:543:7) {
  data: null,
  isBoom: true,
  isServer: false,
  output: {
    statusCode: 408,
    payload: {
      statusCode: 408,
      error: 'Request Time-out',
      message: 'QR refs attempts ended'
    },
    headers: {}
  }
}
Connection closed, will retry
Connection update: connecting QR: None
Connecting to WhatsApp...
Connection update: undefined QR: Generated
QR Code generated for instance: 687FE62C279C4
Total sessions:  1
Total queue sessions:  1
Total sessions:  1
Total queue sessions:  1
Connection update: close QR: None
Last disconnect error: Error: QR refs attempts ended
    at Timeout.genPairQR [as _onTimeout] (/Applications/MAMP/htdocs/waziper/api-blast/node_modules/@whiskeysockets/baileys/lib/Socket/socket.js:485:21)
    at listOnTimeout (node:internal/timers:608:17)
    at process.processTimers (node:internal/timers:543:7) {
  data: null,
  isBoom: true,
  isServer: false,
  output: {
    statusCode: 408,
    payload: {
      statusCode: 408,
      error: 'Request Time-out',
      message: 'QR refs attempts ended'
    },
    headers: {}
  }
}
State 1
readyState 1
Connection closed, reason: Error: QR refs attempts ended
    at Timeout.genPairQR [as _onTimeout] (/Applications/MAMP/htdocs/waziper/api-blast/node_modules/@whiskeysockets/baileys/lib/Socket/socket.js:485:21)
    at listOnTimeout (node:internal/timers:608:17)
    at process.processTimers (node:internal/timers:543:7) {
  data: null,
  isBoom: true,
  isServer: false,
  output: {
    statusCode: 408,
    payload: {
      statusCode: 408,
      error: 'Request Time-out',
      message: 'QR refs attempts ended'
    },
    headers: {}
  }
}
Connection closed, will retry
Connection update: connecting QR: None
Connecting to WhatsApp...
Total sessions:  1
Total queue sessions:  1
Connection update: undefined QR: Generated
QR Code generated for instance: 687FE62C279C4
Total sessions:  1
Total queue sessions:  1
Total sessions:  1
Total queue sessions:  1
Total sessions:  1
Total queue sessions:  1
Total sessions:  1
Total queue sessions:  1
Total sessions:  1
Total queue sessions:  1
Total sessions:  1
Total queue sessions:  1
Total sessions:  1
Total queue sessions:  1
Total sessions:  1
Total queue sessions:  1
Total sessions:  1
Total queue sessions:  1
Total sessions:  1
Total queue sessions:  1
Total sessions:  1
Total queue sessions:  1
Total sessions:  1
Total queue sessions:  1
Total sessions:  1
Total queue sessions:  1
Total sessions:  1
Total queue sessions:  1
Total sessions:  1
Total queue sessions:  1
Total sessions:  1
Total queue sessions:  1
Total sessions:  1
Total queue sessions:  1
Total sessions:  1
Total queue sessions:  1
Total sessions:  1
Total queue sessions:  1
Total sessions:  1
Total queue sessions:  1
Total sessions:  1
Total queue sessions:  1
Total sessions:  1
Total queue sessions:  1
Total sessions:  1
Total queue sessions:  1
Total sessions:  1
Total queue sessions:  1
Total sessions:  1
Total queue sessions:  1
Total sessions:  1
Total queue sessions:  1
Total sessions:  1
Total queue sessions:  1
Connection update: undefined QR: Generated
QR Code generated for instance: 687FE62C279C4
Total sessions:  1
Total queue sessions:  1
Total sessions:  1
Total queue sessions:  1
Total sessions:  1
Total queue sessions:  1
Connection update: undefined QR: Generated
QR Code generated for instance: 687FE62C279C4
Total sessions:  1
Total queue sessions:  1
Total sessions:  1
Total queue sessions:  1
Total sessions:  1
Total queue sessions:  1
Total sessions:  1
Total queue sessions:  1
Total sessions:  1
Total queue sessions:  1
Total sessions:  1
Total queue sessions:  1
Total sessions:  1
Total queue sessions:  1
Connection update: undefined QR: Generated
QR Code generated for instance: 687FE62C279C4
Total sessions:  1
Total queue sessions:  1
Total sessions:  1
Total queue sessions:  1
Total sessions:  1
Total queue sessions:  1
Connection update: undefined QR: Generated
QR Code generated for instance: 687FE62C279C4
Total sessions:  1
Total queue sessions:  1
Total sessions:  1
Total queue sessions:  1
Total sessions:  1
Total queue sessions:  1
Total sessions:  1
Total queue sessions:  1
Total sessions:  1
Total queue sessions:  1
Total sessions:  1
Total queue sessions:  1
Total sessions:  1
Total queue sessions:  0
Connection update: close QR: None
Connection closed, reason: undefined
Connection update: undefined QR: Generated
QR Code generated for instance: 687FE62C279C4
Total sessions:  0
Total queue sessions:  1
Total sessions:  0
Total queue sessions:  1
Total sessions:  0
Total queue sessions:  1
Total sessions:  0
Total queue sessions:  1
Total sessions:  0
Total queue sessions:  1
Total sessions:  0
Total queue sessions:  1
Total sessions:  0
Total queue sessions:  1
Total sessions:  0
Total queue sessions:  1
Total sessions:  0
Total queue sessions:  1
Total sessions:  0
Total queue sessions:  1
Connection update: undefined QR: Generated
QR Code generated for instance: 687FE62C279C4
Total sessions:  0
Total queue sessions:  1
Total sessions:  0
Total queue sessions:  1
Total sessions:  0
Total queue sessions:  1
Total sessions:  0
Total queue sessions:  1
Total sessions:  0
Total queue sessions:  1
Total sessions:  0
Total queue sessions:  1
Total sessions:  0
Total queue sessions:  1
Total sessions:  0
Total queue sessions:  1
Total sessions:  0
Total queue sessions:  1
Total sessions:  0
Total queue sessions:  1
Connection update: undefined QR: Generated
QR Code generated for instance: 687FE62C279C4
Total sessions:  0
Total queue sessions:  1
Total sessions:  0
Total queue sessions:  1
Total sessions:  0
Total queue sessions:  1
Total sessions:  0
Total queue sessions:  1
Total sessions:  0
Total queue sessions:  1
Total sessions:  0
Total queue sessions:  1
Total sessions:  0
Total queue sessions:  1
Total sessions:  0
Total queue sessions:  1
Total sessions:  0
Total queue sessions:  1
Total sessions:  0
Total queue sessions:  1
Connection update: close QR: None
Last disconnect error: Error: QR refs attempts ended
    at Timeout.genPairQR [as _onTimeout] (/Applications/MAMP/htdocs/waziper/api-blast/node_modules/@whiskeysockets/baileys/lib/Socket/socket.js:485:21)
    at listOnTimeout (node:internal/timers:608:17)
    at process.processTimers (node:internal/timers:543:7) {
  data: null,
  isBoom: true,
  isServer: false,
  output: {
    statusCode: 408,
    payload: {
      statusCode: 408,
      error: 'Request Time-out',
      message: 'QR refs attempts ended'
    },
    headers: {}
  }
}
State 1
Connection closed, reason: Error: QR refs attempts ended
    at Timeout.genPairQR [as _onTimeout] (/Applications/MAMP/htdocs/waziper/api-blast/node_modules/@whiskeysockets/baileys/lib/Socket/socket.js:485:21)
    at listOnTimeout (node:internal/timers:608:17)
    at process.processTimers (node:internal/timers:543:7) {
  data: null,
  isBoom: true,
  isServer: false,
  output: {
    statusCode: 408,
    payload: {
      statusCode: 408,
      error: 'Request Time-out',
      message: 'QR refs attempts ended'
    },
    headers: {}
  }
}
Connection closed, will retry
Connection update: connecting QR: None
Connecting to WhatsApp...
Total sessions:  0
Total queue sessions:  1
Connection update: undefined QR: Generated
QR Code generated for instance: 687FE62C279C4
Total sessions:  0
Total queue sessions:  1
Total sessions:  0
Total queue sessions:  1
Connection update: connecting QR: None
Connecting to WhatsApp...
Connection update: undefined QR: Generated
QR Code generated for instance: 687FE62C279C4
Total sessions:  1
Total queue sessions:  1
Total sessions:  1
Total queue sessions:  1
Total sessions:  1
Total queue sessions:  1
Total sessions:  1
Total queue sessions:  1
Total sessions:  1
Total queue sessions:  1
Total sessions:  1
Total queue sessions:  1
Total sessions:  1
Total queue sessions:  1
Total sessions:  1
Total queue sessions:  1
Total sessions:  1
Total queue sessions:  1
Total sessions:  1
Total queue sessions:  1
Total sessions:  1
Total queue sessions:  1
Total sessions:  1
Total queue sessions:  1
Total sessions:  1
Total queue sessions:  1
Total sessions:  1
Total queue sessions:  1
Total sessions:  1
Total queue sessions:  1
Total sessions:  1
Total queue sessions:  1
Total sessions:  1
Total queue sessions:  1
Total sessions:  1
Total queue sessions:  1
Total sessions:  1
Total queue sessions:  1
Total sessions:  1
Total queue sessions:  1
Total sessions:  1
Total queue sessions:  1
Total sessions:  1
Total queue sessions:  1
Total sessions:  1
Total queue sessions:  1
Total sessions:  1
Total queue sessions:  1
Total sessions:  1
Total queue sessions:  1
Total sessions:  1
Total queue sessions:  1
Total sessions:  1
Total queue sessions:  1
Total sessions:  1
Total queue sessions:  1
Connection update: undefined QR: Generated
QR Code generated for instance: 687FE62C279C4
Total sessions:  1
Total queue sessions:  1
Total sessions:  1
Total queue sessions:  1
Connection update: undefined QR: Generated
QR Code generated for instance: 687FE62C279C4
Total sessions:  1
Total queue sessions:  1
Total sessions:  1
Total queue sessions:  1
Total sessions:  1
Total queue sessions:  1
Total sessions:  1
Total queue sessions:  1
Total sessions:  1
Total queue sessions:  1
Total sessions:  1
Total queue sessions:  1
Total sessions:  1
Total queue sessions:  1
Total sessions:  1
Total queue sessions:  1
Connection update: undefined QR: Generated
QR Code generated for instance: 687FE62C279C4
Total sessions:  1
Total queue sessions:  1
Total sessions:  1
Total queue sessions:  1
Connection update: undefined QR: Generated
QR Code generated for instance: 687FE62C279C4
Total sessions:  1
Total queue sessions:  1
Total sessions:  1
Total queue sessions:  1
Total sessions:  1
Total queue sessions:  1
Total sessions:  1
Total queue sessions:  1
Total sessions:  1
Total queue sessions:  1
Total sessions:  1
Total queue sessions:  1
Total sessions:  1
Total queue sessions:  1
Total sessions:  1
Total queue sessions:  1
Connection update: undefined QR: Generated
QR Code generated for instance: 687FE62C279C4
Total sessions:  1
Total queue sessions:  1
Total sessions:  1
Total queue sessions:  1
Connection update: undefined QR: Generated
QR Code generated for instance: 687FE62C279C4
Total sessions:  1
Total queue sessions:  1
Total sessions:  1
Total queue sessions:  1
Total sessions:  1
Total queue sessions:  1
Total sessions:  1
Total queue sessions:  1
Total sessions:  1
Total queue sessions:  1
Total sessions:  1
Total queue sessions:  1
Total sessions:  1
Total queue sessions:  1
Total sessions:  1
Total queue sessions:  1
Connection update: undefined QR: Generated
QR Code generated for instance: 687FE62C279C4
Total sessions:  1
Total queue sessions:  1
Total sessions:  1
Total queue sessions:  1
Connection update: undefined QR: Generated
QR Code generated for instance: 687FE62C279C4
Total sessions:  1
Total queue sessions:  1
Total sessions:  1
Total queue sessions:  1
Total sessions:  1
Total queue sessions:  1
Total sessions:  1
Total queue sessions:  1
Total sessions:  1
Total queue sessions:  1
Total sessions:  1
Total queue sessions:  1
Total sessions:  1
Total queue sessions:  1
Total sessions:  1
Total queue sessions:  1
Connection update: undefined QR: Generated
QR Code generated for instance: 687FE62C279C4
Total sessions:  1
Total queue sessions:  1
Total sessions:  1
Total queue sessions:  1
Connection update: undefined QR: Generated
QR Code generated for instance: 687FE62C279C4
Total sessions:  1
Total queue sessions:  1
Total sessions:  1
Total queue sessions:  1
Total sessions:  1
Total queue sessions:  1
Total sessions:  1
Total queue sessions:  1
Total sessions:  1
Total queue sessions:  1
Total sessions:  1
Total queue sessions:  1
Total sessions:  1
Total queue sessions:  1
Total sessions:  1
Total queue sessions:  1
Connection update: close QR: None
Last disconnect error: Error: QR refs attempts ended
    at Timeout.genPairQR [as _onTimeout] (/Applications/MAMP/htdocs/waziper/api-blast/node_modules/@whiskeysockets/baileys/lib/Socket/socket.js:485:21)
    at listOnTimeout (node:internal/timers:608:17)
    at process.processTimers (node:internal/timers:543:7) {
  data: null,
  isBoom: true,
  isServer: false,
  output: {
    statusCode: 408,
    payload: {
      statusCode: 408,
      error: 'Request Time-out',
      message: 'QR refs attempts ended'
    },
    headers: {}
  }
}
State 1
readyState 1
Connection closed, reason: Error: QR refs attempts ended
    at Timeout.genPairQR [as _onTimeout] (/Applications/MAMP/htdocs/waziper/api-blast/node_modules/@whiskeysockets/baileys/lib/Socket/socket.js:485:21)
    at listOnTimeout (node:internal/timers:608:17)
    at process.processTimers (node:internal/timers:543:7) {
  data: null,
  isBoom: true,
  isServer: false,
  output: {
    statusCode: 408,
    payload: {
      statusCode: 408,
      error: 'Request Time-out',
      message: 'QR refs attempts ended'
    },
    headers: {}
  }
}
Connection closed, will retry
Connection update: connecting QR: None
Connecting to WhatsApp...
Connection update: undefined QR: Generated
QR Code generated for instance: 687FE62C279C4
Total sessions:  1
Total queue sessions:  1
Total sessions:  1
Total queue sessions:  1
Connection update: close QR: None
Last disconnect error: Error: QR refs attempts ended
    at Timeout.genPairQR [as _onTimeout] (/Applications/MAMP/htdocs/waziper/api-blast/node_modules/@whiskeysockets/baileys/lib/Socket/socket.js:485:21)
    at listOnTimeout (node:internal/timers:608:17)
    at process.processTimers (node:internal/timers:543:7) {
  data: null,
  isBoom: true,
  isServer: false,
  output: {
    statusCode: 408,
    payload: {
      statusCode: 408,
      error: 'Request Time-out',
      message: 'QR refs attempts ended'
    },
    headers: {}
  }
}
State 1
readyState 1
Connection closed, reason: Error: QR refs attempts ended
    at Timeout.genPairQR [as _onTimeout] (/Applications/MAMP/htdocs/waziper/api-blast/node_modules/@whiskeysockets/baileys/lib/Socket/socket.js:485:21)
    at listOnTimeout (node:internal/timers:608:17)
    at process.processTimers (node:internal/timers:543:7) {
  data: null,
  isBoom: true,
  isServer: false,
  output: {
    statusCode: 408,
    payload: {
      statusCode: 408,
      error: 'Request Time-out',
      message: 'QR refs attempts ended'
    },
    headers: {}
  }
}
Connection closed, will retry
Connection update: connecting QR: None
Connecting to WhatsApp...
Total sessions:  1
Total queue sessions:  1
Connection update: undefined QR: Generated
QR Code generated for instance: 687FE62C279C4
Total sessions:  1
Total queue sessions:  1
Total sessions:  1
Total queue sessions:  1
Total sessions:  1
Total queue sessions:  1
Total sessions:  1
Total queue sessions:  1
Total sessions:  1
Total queue sessions:  1
Total sessions:  1
Total queue sessions:  1
Total sessions:  1
Total queue sessions:  1
Total sessions:  1
Total queue sessions:  1
Total sessions:  1
Total queue sessions:  1
Total sessions:  1
Total queue sessions:  1
Total sessions:  1
Total queue sessions:  1
Total sessions:  1
Total queue sessions:  1
Total sessions:  1
Total queue sessions:  1
Total sessions:  1
Total queue sessions:  1
Total sessions:  1
Total queue sessions:  1
Total sessions:  1
Total queue sessions:  1
Total sessions:  1
Total queue sessions:  1
Total sessions:  1
Total queue sessions:  1
Total sessions:  1
Total queue sessions:  1
Total sessions:  1
Total queue sessions:  1
Total sessions:  1
Total queue sessions:  1
Total sessions:  1
Total queue sessions:  1
Total sessions:  1
Total queue sessions:  1
Total sessions:  1
Total queue sessions:  1
Total sessions:  1
Total queue sessions:  1
Total sessions:  1
Total queue sessions:  1
Total sessions:  1
Total queue sessions:  1
Connection update: undefined QR: Generated
QR Code generated for instance: 687FE62C279C4
Total sessions:  1
Total queue sessions:  1
Total sessions:  1
Total queue sessions:  1
Total sessions:  1
Total queue sessions:  1
Connection update: undefined QR: Generated
QR Code generated for instance: 687FE62C279C4
Total sessions:  1
Total queue sessions:  1
Total sessions:  1
Total queue sessions:  1
Total sessions:  1
Total queue sessions:  1
Total sessions:  1
Total queue sessions:  1
Total sessions:  1
Total queue sessions:  1
Total sessions:  1
Total queue sessions:  1
Total sessions:  1
Total queue sessions:  0
Connection update: close QR: None
Connection closed, reason: undefined
Connection update: undefined QR: Generated
QR Code generated for instance: 687FE62C279C4
Total sessions:  0
Total queue sessions:  1
Total sessions:  0
Total queue sessions:  1
Total sessions:  0
Total queue sessions:  1
Total sessions:  0
Total queue sessions:  1
Total sessions:  0
Total queue sessions:  1
Total sessions:  0
Total queue sessions:  1
Total sessions:  0
Total queue sessions:  1
Total sessions:  0
Total queue sessions:  1
Total sessions:  0
Total queue sessions:  1
Total sessions:  0
Total queue sessions:  1
Connection update: undefined QR: Generated
QR Code generated for instance: 687FE62C279C4
Total sessions:  0
Total queue sessions:  1
Total sessions:  0
Total queue sessions:  1
Total sessions:  0
Total queue sessions:  1
Total sessions:  0
Total queue sessions:  1
Total sessions:  0
Total queue sessions:  1
Total sessions:  0
Total queue sessions:  1
Total sessions:  0
Total queue sessions:  1
Total sessions:  0
Total queue sessions:  1
Total sessions:  0
Total queue sessions:  1
Total sessions:  0
Total queue sessions:  1
Connection update: undefined QR: Generated
QR Code generated for instance: 687FE62C279C4
Total sessions:  0
Total queue sessions:  1
Total sessions:  0
Total queue sessions:  1
Total sessions:  0
Total queue sessions:  1
Total sessions:  0
Total queue sessions:  1
Total sessions:  0
Total queue sessions:  1
Total sessions:  0
Total queue sessions:  1
Total sessions:  0
Total queue sessions:  1
Total sessions:  0
Total queue sessions:  1
Total sessions:  0
Total queue sessions:  1
Total sessions:  0
Total queue sessions:  1
Connection update: undefined QR: Generated
QR Code generated for instance: 687FE62C279C4
Total sessions:  0
Total queue sessions:  1
Total sessions:  0
Total queue sessions:  1
Total sessions:  0
Total queue sessions:  1
Total sessions:  0
Total queue sessions:  1
Total sessions:  0
Total queue sessions:  1
Total sessions:  0
Total queue sessions:  1
Total sessions:  0
Total queue sessions:  1
Total sessions:  0
Total queue sessions:  1
Total sessions:  0
Total queue sessions:  1
Total sessions:  0
Total queue sessions:  1
Connection update: close QR: None
Last disconnect error: Error: QR refs attempts ended
    at Timeout.genPairQR [as _onTimeout] (/Applications/MAMP/htdocs/waziper/api-blast/node_modules/@whiskeysockets/baileys/lib/Socket/socket.js:485:21)
    at listOnTimeout (node:internal/timers:608:17)
    at process.processTimers (node:internal/timers:543:7) {
  data: null,
  isBoom: true,
  isServer: false,
  output: {
    statusCode: 408,
    payload: {
      statusCode: 408,
      error: 'Request Time-out',
      message: 'QR refs attempts ended'
    },
    headers: {}
  }
}
State 1
Connection closed, reason: Error: QR refs attempts ended
    at Timeout.genPairQR [as _onTimeout] (/Applications/MAMP/htdocs/waziper/api-blast/node_modules/@whiskeysockets/baileys/lib/Socket/socket.js:485:21)
    at listOnTimeout (node:internal/timers:608:17)
    at process.processTimers (node:internal/timers:543:7) {
  data: null,
  isBoom: true,
  isServer: false,
  output: {
    statusCode: 408,
    payload: {
      statusCode: 408,
      error: 'Request Time-out',
      message: 'QR refs attempts ended'
    },
    headers: {}
  }
}
Connection closed, will retry
Connection update: connecting QR: None
Connecting to WhatsApp...
Total sessions:  0
Total queue sessions:  1
Connection update: undefined QR: Generated
QR Code generated for instance: 687FE62C279C4
Total sessions:  0
Total queue sessions:  1
Connection update: connecting QR: None
Connecting to WhatsApp...
Total sessions:  1
Total queue sessions:  1
Connection update: undefined QR: Generated
QR Code generated for instance: 687FE62C279C4
Total sessions:  1
Total queue sessions:  1
Total sessions:  1
Total queue sessions:  1
Total sessions:  1
Total queue sessions:  1
Total sessions:  1
Total queue sessions:  1
Total sessions:  1
Total queue sessions:  1
Total sessions:  1
Total queue sessions:  1
Total sessions:  1
Total queue sessions:  1
Total sessions:  1
Total queue sessions:  1
Total sessions:  1
Total queue sessions:  1
Total sessions:  1
Total queue sessions:  1
Total sessions:  1
Total queue sessions:  1
Total sessions:  1
Total queue sessions:  1
Total sessions:  1
Total queue sessions:  1
Total sessions:  1
Total queue sessions:  1
Total sessions:  1
Total queue sessions:  1
Total sessions:  1
Total queue sessions:  1
Total sessions:  1
Total queue sessions:  1
Total sessions:  1
Total queue sessions:  1
Total sessions:  1
Total queue sessions:  1
Total sessions:  1
Total queue sessions:  1
Total sessions:  1
Total queue sessions:  1
Total sessions:  1
Total queue sessions:  1
Total sessions:  1
Total queue sessions:  1
Total sessions:  1
Total queue sessions:  1
Total sessions:  1
Total queue sessions:  1
Total sessions:  1
Total queue sessions:  1
Total sessions:  1
Total queue sessions:  1
Total sessions:  1
Total queue sessions:  1
Connection update: undefined QR: Generated
QR Code generated for instance: 687FE62C279C4
Total sessions:  1
Total queue sessions:  1
Total sessions:  1
Total queue sessions:  1
Connection update: undefined QR: Generated
QR Code generated for instance: 687FE62C279C4
Total sessions:  1
Total queue sessions:  1
Total sessions:  1
Total queue sessions:  1
Total sessions:  1
Total queue sessions:  1
Total sessions:  1
Total queue sessions:  1
Total sessions:  1
Total queue sessions:  1
Total sessions:  1
Total queue sessions:  1
Total sessions:  1
Total queue sessions:  1
Total sessions:  1
Total queue sessions:  1
Connection update: undefined QR: Generated
QR Code generated for instance: 687FE62C279C4
Total sessions:  1
Total queue sessions:  1
Total sessions:  1
Total queue sessions:  1
Connection update: undefined QR: Generated
QR Code generated for instance: 687FE62C279C4
Total sessions:  1
Total queue sessions:  1
Total sessions:  1
Total queue sessions:  1
Total sessions:  1
Total queue sessions:  1
Total sessions:  1
Total queue sessions:  1
Total sessions:  1
Total queue sessions:  1
Total sessions:  1
Total queue sessions:  1
Total sessions:  1
Total queue sessions:  1
Total sessions:  1
Total queue sessions:  1
Connection update: undefined QR: Generated
QR Code generated for instance: 687FE62C279C4
Total sessions:  1
Total queue sessions:  1
Total sessions:  1
Total queue sessions:  1
Connection update: undefined QR: Generated
QR Code generated for instance: 687FE62C279C4
Total sessions:  1
Total queue sessions:  1
Total sessions:  1
Total queue sessions:  1
Total sessions:  1
Total queue sessions:  1
Total sessions:  1
Total queue sessions:  1
Total sessions:  1
Total queue sessions:  1
Total sessions:  1
Total queue sessions:  1
Total sessions:  1
Total queue sessions:  1
Total sessions:  1
Total queue sessions:  1
Connection update: undefined QR: Generated
QR Code generated for instance: 687FE62C279C4
Total sessions:  1
Total queue sessions:  1
Total sessions:  1
Total queue sessions:  1
Connection update: undefined QR: Generated
QR Code generated for instance: 687FE62C279C4
Total sessions:  1
Total queue sessions:  1
Total sessions:  1
Total queue sessions:  1
Total sessions:  1
Total queue sessions:  1
Total sessions:  1
Total queue sessions:  1
Total sessions:  1
Total queue sessions:  1
Total sessions:  1
Total queue sessions:  1
Total sessions:  1
Total queue sessions:  1
Total sessions:  1
Total queue sessions:  1
Connection update: undefined QR: Generated
QR Code generated for instance: 687FE62C279C4
Total sessions:  1
Total queue sessions:  1
Total sessions:  1
Total queue sessions:  1
Connection update: undefined QR: Generated
QR Code generated for instance: 687FE62C279C4
Total sessions:  1
Total queue sessions:  1
Total sessions:  1
Total queue sessions:  1
Total sessions:  1
Total queue sessions:  1
Total sessions:  1
Total queue sessions:  1
Total sessions:  1
Total queue sessions:  1
Total sessions:  1
Total queue sessions:  1
Total sessions:  1
Total queue sessions:  1
Connection update: close QR: None
Last disconnect error: Error: QR refs attempts ended
    at Timeout.genPairQR [as _onTimeout] (/Applications/MAMP/htdocs/waziper/api-blast/node_modules/@whiskeysockets/baileys/lib/Socket/socket.js:485:21)
    at listOnTimeout (node:internal/timers:608:17)
    at process.processTimers (node:internal/timers:543:7) {
  data: null,
  isBoom: true,
  isServer: false,
  output: {
    statusCode: 408,
    payload: {
      statusCode: 408,
      error: 'Request Time-out',
      message: 'QR refs attempts ended'
    },
    headers: {}
  }
}
State 1
Total sessions:  1
Total queue sessions:  1
readyState 1
Connection closed, reason: Error: QR refs attempts ended
    at Timeout.genPairQR [as _onTimeout] (/Applications/MAMP/htdocs/waziper/api-blast/node_modules/@whiskeysockets/baileys/lib/Socket/socket.js:485:21)
    at listOnTimeout (node:internal/timers:608:17)
    at process.processTimers (node:internal/timers:543:7) {
  data: null,
  isBoom: true,
  isServer: false,
  output: {
    statusCode: 408,
    payload: {
      statusCode: 408,
      error: 'Request Time-out',
      message: 'QR refs attempts ended'
    },
    headers: {}
  }
}
Connection closed, will retry
Connection update: connecting QR: None
Connecting to WhatsApp...
Connection update: undefined QR: Generated
QR Code generated for instance: 687FE62C279C4
Total sessions:  1
Total queue sessions:  1
Total sessions:  1
Total queue sessions:  1
Connection update: close QR: None
Last disconnect error: Error: QR refs attempts ended
    at Timeout.genPairQR [as _onTimeout] (/Applications/MAMP/htdocs/waziper/api-blast/node_modules/@whiskeysockets/baileys/lib/Socket/socket.js:485:21)
    at listOnTimeout (node:internal/timers:608:17)
    at process.processTimers (node:internal/timers:543:7) {
  data: null,
  isBoom: true,
  isServer: false,
  output: {
    statusCode: 408,
    payload: {
      statusCode: 408,
      error: 'Request Time-out',
      message: 'QR refs attempts ended'
    },
    headers: {}
  }
}
State 1
readyState 1
Connection closed, reason: Error: QR refs attempts ended
    at Timeout.genPairQR [as _onTimeout] (/Applications/MAMP/htdocs/waziper/api-blast/node_modules/@whiskeysockets/baileys/lib/Socket/socket.js:485:21)
    at listOnTimeout (node:internal/timers:608:17)
    at process.processTimers (node:internal/timers:543:7) {
  data: null,
  isBoom: true,
  isServer: false,
  output: {
    statusCode: 408,
    payload: {
      statusCode: 408,
      error: 'Request Time-out',
      message: 'QR refs attempts ended'
    },
    headers: {}
  }
}
Connection closed, will retry
Connection update: connecting QR: None
Connecting to WhatsApp...
Connection update: close QR: None
Last disconnect error: Error: WebSocket Error ()
    at WebSocketClient.<anonymous> (/Applications/MAMP/htdocs/waziper/api-blast/node_modules/@whiskeysockets/baileys/lib/Socket/socket.js:622:17)
    at WebSocketClient.emit (node:events:507:28)
    at WebSocket.<anonymous> (/Applications/MAMP/htdocs/waziper/api-blast/node_modules/@whiskeysockets/baileys/lib/Socket/Client/websocket.js:46:100)
    at WebSocket.emit (node:events:507:28)
    at emitErrorAndClose (/Applications/MAMP/htdocs/waziper/api-blast/node_modules/ws/lib/websocket.js:1041:13)
    at ClientRequest.<anonymous> (/Applications/MAMP/htdocs/waziper/api-blast/node_modules/ws/lib/websocket.js:881:5)
    at ClientRequest.emit (node:events:507:28)
    at emitErrorEvent (node:_http_client:104:11)
    at TLSSocket.socketErrorListener (node:_http_client:518:5)
    at TLSSocket.emit (node:events:507:28) {
  data: AggregateError [ETIMEDOUT]: 
      at internalConnectMultiple (node:net:1134:18)
      at internalConnectMultiple (node:net:1210:5)
      at Timeout.internalConnectMultipleTimeout (node:net:1742:5)
      at listOnTimeout (node:internal/timers:610:11)
      at process.processTimers (node:internal/timers:543:7) {
    code: 'ETIMEDOUT',
    [errors]: [ [Error], [Error] ]
  },
  isBoom: true,
  isServer: false,
  output: {
    statusCode: 408,
    payload: {
      statusCode: 408,
      error: 'Request Time-out',
      message: 'WebSocket Error ()'
    },
    headers: {}
  }
}
State 1
readyState 1
Connection closed, reason: Error: WebSocket Error ()
    at WebSocketClient.<anonymous> (/Applications/MAMP/htdocs/waziper/api-blast/node_modules/@whiskeysockets/baileys/lib/Socket/socket.js:622:17)
    at WebSocketClient.emit (node:events:507:28)
    at WebSocket.<anonymous> (/Applications/MAMP/htdocs/waziper/api-blast/node_modules/@whiskeysockets/baileys/lib/Socket/Client/websocket.js:46:100)
    at WebSocket.emit (node:events:507:28)
    at emitErrorAndClose (/Applications/MAMP/htdocs/waziper/api-blast/node_modules/ws/lib/websocket.js:1041:13)
    at ClientRequest.<anonymous> (/Applications/MAMP/htdocs/waziper/api-blast/node_modules/ws/lib/websocket.js:881:5)
    at ClientRequest.emit (node:events:507:28)
    at emitErrorEvent (node:_http_client:104:11)
    at TLSSocket.socketErrorListener (node:_http_client:518:5)
    at TLSSocket.emit (node:events:507:28) {
  data: AggregateError [ETIMEDOUT]: 
      at internalConnectMultiple (node:net:1134:18)
      at internalConnectMultiple (node:net:1210:5)
      at Timeout.internalConnectMultipleTimeout (node:net:1742:5)
      at listOnTimeout (node:internal/timers:610:11)
      at process.processTimers (node:internal/timers:543:7) {
    code: 'ETIMEDOUT',
    [errors]: [ [Error], [Error] ]
  },
  isBoom: true,
  isServer: false,
  output: {
    statusCode: 408,
    payload: {
      statusCode: 408,
      error: 'Request Time-out',
      message: 'WebSocket Error ()'
    },
    headers: {}
  }
}
Connection closed, will retry
Connection update: connecting QR: None
Connecting to WhatsApp...
Connection update: close QR: None
Last disconnect error: Error: WebSocket Error ()
    at WebSocketClient.<anonymous> (/Applications/MAMP/htdocs/waziper/api-blast/node_modules/@whiskeysockets/baileys/lib/Socket/socket.js:622:17)
    at WebSocketClient.emit (node:events:507:28)
    at WebSocket.<anonymous> (/Applications/MAMP/htdocs/waziper/api-blast/node_modules/@whiskeysockets/baileys/lib/Socket/Client/websocket.js:46:100)
    at WebSocket.emit (node:events:507:28)
    at emitErrorAndClose (/Applications/MAMP/htdocs/waziper/api-blast/node_modules/ws/lib/websocket.js:1041:13)
    at ClientRequest.<anonymous> (/Applications/MAMP/htdocs/waziper/api-blast/node_modules/ws/lib/websocket.js:881:5)
    at ClientRequest.emit (node:events:507:28)
    at emitErrorEvent (node:_http_client:104:11)
    at TLSSocket.socketErrorListener (node:_http_client:518:5)
    at TLSSocket.emit (node:events:507:28) {
  data: AggregateError [ETIMEDOUT]: 
      at internalConnectMultiple (node:net:1134:18)
      at internalConnectMultiple (node:net:1210:5)
      at Timeout.internalConnectMultipleTimeout (node:net:1742:5)
      at listOnTimeout (node:internal/timers:610:11)
      at process.processTimers (node:internal/timers:543:7) {
    code: 'ETIMEDOUT',
    [errors]: [ [Error], [Error] ]
  },
  isBoom: true,
  isServer: false,
  output: {
    statusCode: 408,
    payload: {
      statusCode: 408,
      error: 'Request Time-out',
      message: 'WebSocket Error ()'
    },
    headers: {}
  }
}
State 1
readyState 1
Connection closed, reason: Error: WebSocket Error ()
    at WebSocketClient.<anonymous> (/Applications/MAMP/htdocs/waziper/api-blast/node_modules/@whiskeysockets/baileys/lib/Socket/socket.js:622:17)
    at WebSocketClient.emit (node:events:507:28)
    at WebSocket.<anonymous> (/Applications/MAMP/htdocs/waziper/api-blast/node_modules/@whiskeysockets/baileys/lib/Socket/Client/websocket.js:46:100)
    at WebSocket.emit (node:events:507:28)
    at emitErrorAndClose (/Applications/MAMP/htdocs/waziper/api-blast/node_modules/ws/lib/websocket.js:1041:13)
    at ClientRequest.<anonymous> (/Applications/MAMP/htdocs/waziper/api-blast/node_modules/ws/lib/websocket.js:881:5)
    at ClientRequest.emit (node:events:507:28)
    at emitErrorEvent (node:_http_client:104:11)
    at TLSSocket.socketErrorListener (node:_http_client:518:5)
    at TLSSocket.emit (node:events:507:28) {
  data: AggregateError [ETIMEDOUT]: 
      at internalConnectMultiple (node:net:1134:18)
      at internalConnectMultiple (node:net:1210:5)
      at Timeout.internalConnectMultipleTimeout (node:net:1742:5)
      at listOnTimeout (node:internal/timers:610:11)
      at process.processTimers (node:internal/timers:543:7) {
    code: 'ETIMEDOUT',
    [errors]: [ [Error], [Error] ]
  },
  isBoom: true,
  isServer: false,
  output: {
    statusCode: 408,
    payload: {
      statusCode: 408,
      error: 'Request Time-out',
      message: 'WebSocket Error ()'
    },
    headers: {}
  }
}
Connection closed, will retry
Connection update: connecting QR: None
Connecting to WhatsApp...
Connection update: close QR: None
Last disconnect error: Error: WebSocket Error ()
    at WebSocketClient.<anonymous> (/Applications/MAMP/htdocs/waziper/api-blast/node_modules/@whiskeysockets/baileys/lib/Socket/socket.js:622:17)
    at WebSocketClient.emit (node:events:507:28)
    at WebSocket.<anonymous> (/Applications/MAMP/htdocs/waziper/api-blast/node_modules/@whiskeysockets/baileys/lib/Socket/Client/websocket.js:46:100)
    at WebSocket.emit (node:events:507:28)
    at emitErrorAndClose (/Applications/MAMP/htdocs/waziper/api-blast/node_modules/ws/lib/websocket.js:1041:13)
    at ClientRequest.<anonymous> (/Applications/MAMP/htdocs/waziper/api-blast/node_modules/ws/lib/websocket.js:881:5)
    at ClientRequest.emit (node:events:507:28)
    at emitErrorEvent (node:_http_client:104:11)
    at TLSSocket.socketErrorListener (node:_http_client:518:5)
    at TLSSocket.emit (node:events:507:28) {
  data: AggregateError [ETIMEDOUT]: 
      at internalConnectMultiple (node:net:1134:18)
      at internalConnectMultiple (node:net:1210:5)
      at Timeout.internalConnectMultipleTimeout (node:net:1742:5)
      at listOnTimeout (node:internal/timers:610:11)
      at process.processTimers (node:internal/timers:543:7) {
    code: 'ETIMEDOUT',
    [errors]: [ [Error], [Error] ]
  },
  isBoom: true,
  isServer: false,
  output: {
    statusCode: 408,
    payload: {
      statusCode: 408,
      error: 'Request Time-out',
      message: 'WebSocket Error ()'
    },
    headers: {}
  }
}
State 1
Total sessions:  1
Total queue sessions:  1
readyState 1
Connection closed, reason: Error: WebSocket Error ()
    at WebSocketClient.<anonymous> (/Applications/MAMP/htdocs/waziper/api-blast/node_modules/@whiskeysockets/baileys/lib/Socket/socket.js:622:17)
    at WebSocketClient.emit (node:events:507:28)
    at WebSocket.<anonymous> (/Applications/MAMP/htdocs/waziper/api-blast/node_modules/@whiskeysockets/baileys/lib/Socket/Client/websocket.js:46:100)
    at WebSocket.emit (node:events:507:28)
    at emitErrorAndClose (/Applications/MAMP/htdocs/waziper/api-blast/node_modules/ws/lib/websocket.js:1041:13)
    at ClientRequest.<anonymous> (/Applications/MAMP/htdocs/waziper/api-blast/node_modules/ws/lib/websocket.js:881:5)
    at ClientRequest.emit (node:events:507:28)
    at emitErrorEvent (node:_http_client:104:11)
    at TLSSocket.socketErrorListener (node:_http_client:518:5)
    at TLSSocket.emit (node:events:507:28) {
  data: AggregateError [ETIMEDOUT]: 
      at internalConnectMultiple (node:net:1134:18)
      at internalConnectMultiple (node:net:1210:5)
      at Timeout.internalConnectMultipleTimeout (node:net:1742:5)
      at listOnTimeout (node:internal/timers:610:11)
      at process.processTimers (node:internal/timers:543:7) {
    code: 'ETIMEDOUT',
    [errors]: [ [Error], [Error] ]
  },
  isBoom: true,
  isServer: false,
  output: {
    statusCode: 408,
    payload: {
      statusCode: 408,
      error: 'Request Time-out',
      message: 'WebSocket Error ()'
    },
    headers: {}
  }
}
Connection closed, will retry
Connection update: connecting QR: None
Connecting to WhatsApp...
Connection update: close QR: None
Last disconnect error: Error: WebSocket Error ()
    at WebSocketClient.<anonymous> (/Applications/MAMP/htdocs/waziper/api-blast/node_modules/@whiskeysockets/baileys/lib/Socket/socket.js:622:17)
    at WebSocketClient.emit (node:events:507:28)
    at WebSocket.<anonymous> (/Applications/MAMP/htdocs/waziper/api-blast/node_modules/@whiskeysockets/baileys/lib/Socket/Client/websocket.js:46:100)
    at WebSocket.emit (node:events:507:28)
    at emitErrorAndClose (/Applications/MAMP/htdocs/waziper/api-blast/node_modules/ws/lib/websocket.js:1041:13)
    at ClientRequest.<anonymous> (/Applications/MAMP/htdocs/waziper/api-blast/node_modules/ws/lib/websocket.js:881:5)
    at ClientRequest.emit (node:events:507:28)
    at emitErrorEvent (node:_http_client:104:11)
    at TLSSocket.socketErrorListener (node:_http_client:518:5)
    at TLSSocket.emit (node:events:507:28) {
  data: AggregateError [ETIMEDOUT]: 
      at internalConnectMultiple (node:net:1134:18)
      at internalConnectMultiple (node:net:1210:5)
      at Timeout.internalConnectMultipleTimeout (node:net:1742:5)
      at listOnTimeout (node:internal/timers:610:11)
      at process.processTimers (node:internal/timers:543:7) {
    code: 'ETIMEDOUT',
    [errors]: [ [Error], [Error] ]
  },
  isBoom: true,
  isServer: false,
  output: {
    statusCode: 408,
    payload: {
      statusCode: 408,
      error: 'Request Time-out',
      message: 'WebSocket Error ()'
    },
    headers: {}
  }
}
State 1
readyState 1
Connection closed, reason: Error: WebSocket Error ()
    at WebSocketClient.<anonymous> (/Applications/MAMP/htdocs/waziper/api-blast/node_modules/@whiskeysockets/baileys/lib/Socket/socket.js:622:17)
    at WebSocketClient.emit (node:events:507:28)
    at WebSocket.<anonymous> (/Applications/MAMP/htdocs/waziper/api-blast/node_modules/@whiskeysockets/baileys/lib/Socket/Client/websocket.js:46:100)
    at WebSocket.emit (node:events:507:28)
    at emitErrorAndClose (/Applications/MAMP/htdocs/waziper/api-blast/node_modules/ws/lib/websocket.js:1041:13)
    at ClientRequest.<anonymous> (/Applications/MAMP/htdocs/waziper/api-blast/node_modules/ws/lib/websocket.js:881:5)
    at ClientRequest.emit (node:events:507:28)
    at emitErrorEvent (node:_http_client:104:11)
    at TLSSocket.socketErrorListener (node:_http_client:518:5)
    at TLSSocket.emit (node:events:507:28) {
  data: AggregateError [ETIMEDOUT]: 
      at internalConnectMultiple (node:net:1134:18)
      at internalConnectMultiple (node:net:1210:5)
      at Timeout.internalConnectMultipleTimeout (node:net:1742:5)
      at listOnTimeout (node:internal/timers:610:11)
      at process.processTimers (node:internal/timers:543:7) {
    code: 'ETIMEDOUT',
    [errors]: [ [Error], [Error] ]
  },
  isBoom: true,
  isServer: false,
  output: {
    statusCode: 408,
    payload: {
      statusCode: 408,
      error: 'Request Time-out',
      message: 'WebSocket Error ()'
    },
    headers: {}
  }
}
Connection closed, will retry
Connection update: connecting QR: None
Connecting to WhatsApp...
Total sessions:  1
Total queue sessions:  1
Connection update: undefined QR: Generated
QR Code generated for instance: 687FE62C279C4
Total sessions:  1
Total queue sessions:  1
Total sessions:  1
Total queue sessions:  1
Total sessions:  1
Total queue sessions:  1
Total sessions:  1
Total queue sessions:  1
Total sessions:  1
Total queue sessions:  1
Total sessions:  1
Total queue sessions:  1
Total sessions:  1
Total queue sessions:  1
Total sessions:  1
Total queue sessions:  1
Total sessions:  1
Total queue sessions:  1
Total sessions:  1
Total queue sessions:  1
Total sessions:  1
Total queue sessions:  1
Total sessions:  1
Total queue sessions:  1
Total sessions:  1
Total queue sessions:  1
Total sessions:  1
Total queue sessions:  1
Total sessions:  1
Total queue sessions:  1
Total sessions:  1
Total queue sessions:  1
Total sessions:  1
Total queue sessions:  1
Total sessions:  1
Total queue sessions:  1
Total sessions:  1
Total queue sessions:  1
Total sessions:  1
Total queue sessions:  1
Total sessions:  1
Total queue sessions:  1
Total sessions:  1
Total queue sessions:  1
Total sessions:  1
Total queue sessions:  1
Total sessions:  1
Total queue sessions:  1
Total sessions:  1
Total queue sessions:  1
Total sessions:  1
Total queue sessions:  0
Connection update: close QR: None
Connection closed, reason: undefined
Connection update: undefined QR: Generated
QR Code generated for instance: 687FE62C279C4
Total sessions:  0
Total queue sessions:  1
Total sessions:  0
Total queue sessions:  1
Total sessions:  0
Total queue sessions:  1
Total sessions:  0
Total queue sessions:  1
Total sessions:  0
Total queue sessions:  1
Total sessions:  0
Total queue sessions:  1
Total sessions:  0
Total queue sessions:  1
Total sessions:  0
Total queue sessions:  1
Total sessions:  0
Total queue sessions:  1
Total sessions:  0
Total queue sessions:  1
Connection update: undefined QR: Generated
QR Code generated for instance: 687FE62C279C4
Total sessions:  0
Total queue sessions:  1
Total sessions:  0
Total queue sessions:  1
Total sessions:  0
Total queue sessions:  1
Total sessions:  0
Total queue sessions:  1
Total sessions:  0
Total queue sessions:  1
Total sessions:  0
Total queue sessions:  1
Total sessions:  0
Total queue sessions:  1
Total sessions:  0
Total queue sessions:  1
Total sessions:  0
Total queue sessions:  1
Total sessions:  0
Total queue sessions:  1
Connection update: undefined QR: Generated
QR Code generated for instance: 687FE62C279C4
Total sessions:  0
Total queue sessions:  1
Total sessions:  0
Total queue sessions:  1
Total sessions:  0
Total queue sessions:  1
Total sessions:  0
Total queue sessions:  1
Total sessions:  0
Total queue sessions:  1
Total sessions:  0
Total queue sessions:  1
Total sessions:  0
Total queue sessions:  1
Total sessions:  0
Total queue sessions:  1
Total sessions:  0
Total queue sessions:  1
Total sessions:  0
Total queue sessions:  1
Connection update: undefined QR: Generated
QR Code generated for instance: 687FE62C279C4
Total sessions:  0
Total queue sessions:  1
Total sessions:  0
Total queue sessions:  1
Total sessions:  0
Total queue sessions:  1
Total sessions:  0
Total queue sessions:  1
Total sessions:  0
Total queue sessions:  1
Total sessions:  0
Total queue sessions:  1
Total sessions:  0
Total queue sessions:  1
Total sessions:  0
Total queue sessions:  1
Total sessions:  0
Total queue sessions:  1
Total sessions:  0
Total queue sessions:  1
Connection update: undefined QR: Generated
QR Code generated for instance: 687FE62C279C4
Total sessions:  0
Total queue sessions:  1
Total sessions:  0
Total queue sessions:  1
Total sessions:  0
Total queue sessions:  1
Total sessions:  0
Total queue sessions:  1
Total sessions:  0
Total queue sessions:  1
Total sessions:  0
Total queue sessions:  1
Total sessions:  0
Total queue sessions:  1
Total sessions:  0
Total queue sessions:  1
Total sessions:  0
Total queue sessions:  1
Total sessions:  0
Total queue sessions:  1
Connection update: close QR: None
Last disconnect error: Error: QR refs attempts ended
    at Timeout.genPairQR [as _onTimeout] (/Applications/MAMP/htdocs/waziper/api-blast/node_modules/@whiskeysockets/baileys/lib/Socket/socket.js:485:21)
    at listOnTimeout (node:internal/timers:608:17)
    at process.processTimers (node:internal/timers:543:7) {
  data: null,
  isBoom: true,
  isServer: false,
  output: {
    statusCode: 408,
    payload: {
      statusCode: 408,
      error: 'Request Time-out',
      message: 'QR refs attempts ended'
    },
    headers: {}
  }
}
State 1
Connection closed, reason: Error: QR refs attempts ended
    at Timeout.genPairQR [as _onTimeout] (/Applications/MAMP/htdocs/waziper/api-blast/node_modules/@whiskeysockets/baileys/lib/Socket/socket.js:485:21)
    at listOnTimeout (node:internal/timers:608:17)
    at process.processTimers (node:internal/timers:543:7) {
  data: null,
  isBoom: true,
  isServer: false,
  output: {
    statusCode: 408,
    payload: {
      statusCode: 408,
      error: 'Request Time-out',
      message: 'QR refs attempts ended'
    },
    headers: {}
  }
}
Connection closed, will retry
Connection update: connecting QR: None
Connecting to WhatsApp...
Total sessions:  0
Total queue sessions:  1
Connection update: undefined QR: Generated
QR Code generated for instance: 687FE62C279C4
Total sessions:  0
Total queue sessions:  1
Total sessions:  0
Total queue sessions:  1
Connection update: connecting QR: None
Connecting to WhatsApp...
Connection update: undefined QR: Generated
QR Code generated for instance: 687FE62C279C4
Total sessions:  1
Total queue sessions:  1
Total sessions:  1
Total queue sessions:  1
Total sessions:  1
Total queue sessions:  1
Total sessions:  1
Total queue sessions:  1
Total sessions:  1
Total queue sessions:  1
Total sessions:  1
Total queue sessions:  1
Total sessions:  1
Total queue sessions:  1
Total sessions:  1
Total queue sessions:  1
Total sessions:  1
Total queue sessions:  1
Total sessions:  1
Total queue sessions:  1
Total sessions:  1
Total queue sessions:  1
Total sessions:  1
Total queue sessions:  1
Total sessions:  1
Total queue sessions:  1
Total sessions:  1
Total queue sessions:  1
Total sessions:  1
Total queue sessions:  1
Total sessions:  1
Total queue sessions:  1
Total sessions:  1
Total queue sessions:  1
Total sessions:  1
Total queue sessions:  1
Total sessions:  1
Total queue sessions:  1
Total sessions:  1
Total queue sessions:  1
Total sessions:  1
Total queue sessions:  1
Total sessions:  1
Total queue sessions:  1
Total sessions:  1
Total queue sessions:  1
Total sessions:  1
Total queue sessions:  1
Total sessions:  1
Total queue sessions:  1
Total sessions:  1
Total queue sessions:  1
Total sessions:  1
Total queue sessions:  1
Total sessions:  1
Total queue sessions:  1
Connection update: undefined QR: Generated
QR Code generated for instance: 687FE62C279C4
Total sessions:  1
Total queue sessions:  1
Total sessions:  1
Total queue sessions:  1
Connection update: undefined QR: Generated
QR Code generated for instance: 687FE62C279C4
Total sessions:  1
Total queue sessions:  1
Total sessions:  1
Total queue sessions:  1
Total sessions:  1
Total queue sessions:  1
Total sessions:  1
Total queue sessions:  1
Total sessions:  1
Total queue sessions:  1
Total sessions:  1
Total queue sessions:  1
Total sessions:  1
Total queue sessions:  1
Total sessions:  1
Total queue sessions:  1
Connection update: undefined QR: Generated
QR Code generated for instance: 687FE62C279C4
Total sessions:  1
Total queue sessions:  1
Total sessions:  1
Total queue sessions:  1
Connection update: undefined QR: Generated
QR Code generated for instance: 687FE62C279C4
Total sessions:  1
Total queue sessions:  1
Total sessions:  1
Total queue sessions:  1
Total sessions:  1
Total queue sessions:  1
Total sessions:  1
Total queue sessions:  1
Total sessions:  1
Total queue sessions:  1
Total sessions:  1
Total queue sessions:  1
Total sessions:  1
Total queue sessions:  1
Total sessions:  1
Total queue sessions:  1
Connection update: undefined QR: Generated
QR Code generated for instance: 687FE62C279C4
Total sessions:  1
Total queue sessions:  1
Total sessions:  1
Total queue sessions:  1
Connection update: undefined QR: Generated
QR Code generated for instance: 687FE62C279C4
Total sessions:  1
Total queue sessions:  1
Total sessions:  1
Total queue sessions:  1
Total sessions:  1
Total queue sessions:  1
Total sessions:  1
Total queue sessions:  1
Total sessions:  1
Total queue sessions:  1
Total sessions:  1
Total queue sessions:  1
Total sessions:  1
Total queue sessions:  1
Total sessions:  1
Total queue sessions:  1
Connection update: undefined QR: Generated
QR Code generated for instance: 687FE62C279C4
Total sessions:  1
Total queue sessions:  1
Total sessions:  1
Total queue sessions:  1
Connection update: undefined QR: Generated
QR Code generated for instance: 687FE62C279C4
Total sessions:  1
Total queue sessions:  1
Total sessions:  1
Total queue sessions:  1
Total sessions:  1
Total queue sessions:  1
Total sessions:  1
Total queue sessions:  1
Total sessions:  1
Total queue sessions:  1
Total sessions:  1
Total queue sessions:  1
Total sessions:  1
Total queue sessions:  1
Total sessions:  1
Total queue sessions:  1
Connection update: undefined QR: Generated
QR Code generated for instance: 687FE62C279C4
Total sessions:  1
Total queue sessions:  1
Total sessions:  1
Total queue sessions:  1
Connection update: undefined QR: Generated
QR Code generated for instance: 687FE62C279C4
Total sessions:  1
Total queue sessions:  1
Total sessions:  1
Total queue sessions:  1
Total sessions:  1
Total queue sessions:  1
Total sessions:  1
Total queue sessions:  1
Total sessions:  1
Total queue sessions:  1
Total sessions:  1
Total queue sessions:  1
Total sessions:  1
Total queue sessions:  1
Total sessions:  1
Total queue sessions:  1
Connection update: close QR: None
Last disconnect error: Error: QR refs attempts ended
    at Timeout.genPairQR [as _onTimeout] (/Applications/MAMP/htdocs/waziper/api-blast/node_modules/@whiskeysockets/baileys/lib/Socket/socket.js:485:21)
    at listOnTimeout (node:internal/timers:608:17)
    at process.processTimers (node:internal/timers:543:7) {
  data: null,
  isBoom: true,
  isServer: false,
  output: {
    statusCode: 408,
    payload: {
      statusCode: 408,
      error: 'Request Time-out',
      message: 'QR refs attempts ended'
    },
    headers: {}
  }
}
State 1
readyState 1
Connection closed, reason: Error: QR refs attempts ended
    at Timeout.genPairQR [as _onTimeout] (/Applications/MAMP/htdocs/waziper/api-blast/node_modules/@whiskeysockets/baileys/lib/Socket/socket.js:485:21)
    at listOnTimeout (node:internal/timers:608:17)
    at process.processTimers (node:internal/timers:543:7) {
  data: null,
  isBoom: true,
  isServer: false,
  output: {
    statusCode: 408,
    payload: {
      statusCode: 408,
      error: 'Request Time-out',
      message: 'QR refs attempts ended'
    },
    headers: {}
  }
}
Connection closed, will retry
Connection update: connecting QR: None
Connecting to WhatsApp...
Total sessions:  1
Total queue sessions:  1
Connection update: undefined QR: Generated
QR Code generated for instance: 687FE62C279C4
Total sessions:  1
Total queue sessions:  1
Connection update: close QR: None
Last disconnect error: Error: QR refs attempts ended
    at Timeout.genPairQR [as _onTimeout] (/Applications/MAMP/htdocs/waziper/api-blast/node_modules/@whiskeysockets/baileys/lib/Socket/socket.js:485:21)
    at listOnTimeout (node:internal/timers:608:17)
    at process.processTimers (node:internal/timers:543:7) {
  data: null,
  isBoom: true,
  isServer: false,
  output: {
    statusCode: 408,
    payload: {
      statusCode: 408,
      error: 'Request Time-out',
      message: 'QR refs attempts ended'
    },
    headers: {}
  }
}
State 1
readyState 1
Connection closed, reason: Error: QR refs attempts ended
    at Timeout.genPairQR [as _onTimeout] (/Applications/MAMP/htdocs/waziper/api-blast/node_modules/@whiskeysockets/baileys/lib/Socket/socket.js:485:21)
    at listOnTimeout (node:internal/timers:608:17)
    at process.processTimers (node:internal/timers:543:7) {
  data: null,
  isBoom: true,
  isServer: false,
  output: {
    statusCode: 408,
    payload: {
      statusCode: 408,
      error: 'Request Time-out',
      message: 'QR refs attempts ended'
    },
    headers: {}
  }
}
Connection closed, will retry
Connection update: connecting QR: None
Connecting to WhatsApp...
Total sessions:  1
Total queue sessions:  1
Connection update: undefined QR: Generated
QR Code generated for instance: 687FE62C279C4
Total sessions:  1
Total queue sessions:  1
Total sessions:  1
Total queue sessions:  1
Total sessions:  1
Total queue sessions:  1
Total sessions:  1
Total queue sessions:  1
Total sessions:  1
Total queue sessions:  1
Total sessions:  1
Total queue sessions:  1
Total sessions:  1
Total queue sessions:  1
Total sessions:  1
Total queue sessions:  1
Total sessions:  1
Total queue sessions:  1
Total sessions:  1
Total queue sessions:  1
Total sessions:  1
Total queue sessions:  1
